@storybook/cli v8.1.1

info => Cleaning outputDir: ../../../../../../../tmp/chromatic--2197496-xFaNw7wgFoEL
info => Loading presets
info => Building manager..
info => Manager built (115 ms)
info => Building preview..
info Using tsconfig paths for react-docgen
vite v4.5.3 building for production...
transforming...
✓ 623 modules transformed.
rendering chunks...
computing gzip size...
../../../../../../../tmp/chromatic--2197496-xFaNw7wgFoEL/iframe.html                                     15.93 kB │ gzip:   4.41 kB
../../../../../../../tmp/chromatic--2197496-xFaNw7wgFoEL/assets/preview-083f5379.css                     56.66 kB │ gzip:   9.28 kB
../../../../../../../tmp/chromatic--2197496-xFaNw7wgFoEL/assets/preview-73c648b3.js                       0.07 kB │ gzip:   0.08 kB
../../../../../../../tmp/chromatic--2197496-xFaNw7wgFoEL/assets/preview-57f7ef19.js                       0.15 kB │ gzip:   0.15 kB
../../../../../../../tmp/chromatic--2197496-xFaNw7wgFoEL/assets/WithTooltip-KJL26V4Q-f1079e14.js          0.41 kB │ gzip:   0.26 kB
../../../../../../../tmp/chromatic--2197496-xFaNw7wgFoEL/assets/syntaxhighlighter-BP7B2CQK-80f21426.js    0.46 kB │ gzip:   0.29 kB
../../../../../../../tmp/chromatic--2197496-xFaNw7wgFoEL/assets/index-f866ae6e.js                         0.46 kB │ gzip:   0.30 kB
../../../../../../../tmp/chromatic--2197496-xFaNw7wgFoEL/assets/preview-ee71643a.js                       0.64 kB │ gzip:   0.45 kB
../../../../../../../tmp/chromatic--2197496-xFaNw7wgFoEL/assets/_commonjsHelpers-de833af9.js              0.69 kB │ gzip:   0.38 kB
../../../../../../../tmp/chromatic--2197496-xFaNw7wgFoEL/assets/preview-dfa23190.js                       0.71 kB │ gzip:   0.50 kB
../../../../../../../tmp/chromatic--2197496-xFaNw7wgFoEL/assets/index-356e4a49.js                         0.77 kB │ gzip:   0.47 kB
../../../../../../../tmp/chromatic--2197496-xFaNw7wgFoEL/assets/preview-5db8da99.js                       0.77 kB │ gzip:   0.51 kB
../../../../../../../tmp/chromatic--2197496-xFaNw7wgFoEL/assets/preview-e31f535e.js                       0.91 kB │ gzip:   0.62 kB
../../../../../../../tmp/chromatic--2197496-xFaNw7wgFoEL/assets/entry-preview-a8f343e9.js                 1.37 kB │ gzip:   0.79 kB
../../../../../../../tmp/chromatic--2197496-xFaNw7wgFoEL/assets/index-cd210e34.js                         1.41 kB │ gzip:   0.72 kB
../../../../../../../tmp/chromatic--2197496-xFaNw7wgFoEL/assets/index-8c3ac41d.js                         2.59 kB │ gzip:   1.26 kB
../../../../../../../tmp/chromatic--2197496-xFaNw7wgFoEL/assets/preview-98b085a7.js                       3.19 kB │ gzip:   1.37 kB
../../../../../../../tmp/chromatic--2197496-xFaNw7wgFoEL/assets/preview-a8a795cf.js                       3.55 kB │ gzip:   1.72 kB
../../../../../../../tmp/chromatic--2197496-xFaNw7wgFoEL/assets/iframe-8d708cf4.js                        3.68 kB │ gzip:   1.49 kB
../../../../../../../tmp/chromatic--2197496-xFaNw7wgFoEL/assets/index-2b9512e4.js                         7.18 kB │ gzip:   2.92 kB
../../../../../../../tmp/chromatic--2197496-xFaNw7wgFoEL/assets/preview-da31036b.js                       7.62 kB │ gzip:   1.55 kB
../../../../../../../tmp/chromatic--2197496-xFaNw7wgFoEL/assets/preview-c56bf6ac.js                       8.28 kB │ gzip:   3.17 kB
../../../../../../../tmp/chromatic--2197496-xFaNw7wgFoEL/assets/button.stories-95e5714a.js               26.77 kB │ gzip:   9.17 kB
../../../../../../../tmp/chromatic--2197496-xFaNw7wgFoEL/assets/Color-PRSJMWNM-5cb0eaf4.js               31.19 kB │ gzip:  11.85 kB
../../../../../../../tmp/chromatic--2197496-xFaNw7wgFoEL/assets/preview-37db51a3.js                      61.12 kB │ gzip:  21.32 kB
../../../../../../../tmp/chromatic--2197496-xFaNw7wgFoEL/assets/_getPrototype-0dd2ffd8.js                78.93 kB │ gzip:  23.68 kB
../../../../../../../tmp/chromatic--2197496-xFaNw7wgFoEL/assets/react-18-7c10845a.js                    134.51 kB │ gzip:  43.39 kB
../../../../../../../tmp/chromatic--2197496-xFaNw7wgFoEL/assets/formatter-2WMMO6ZP-e8d7dfbb.js          210.83 kB │ gzip:  70.70 kB
../../../../../../../tmp/chromatic--2197496-xFaNw7wgFoEL/assets/entry-preview-docs-168f7a8c.js          213.53 kB │ gzip:  66.96 kB
../../../../../../../tmp/chromatic--2197496-xFaNw7wgFoEL/assets/axe-0ab6c4fc.js                         570.36 kB │ gzip: 157.48 kB
../../../../../../../tmp/chromatic--2197496-xFaNw7wgFoEL/assets/DocsRenderer-K4EAMTCU-5e7d95db.js       615.38 kB │ gzip: 187.13 kB
✓ built in 6.25s
info => Preview built (6.63 s)
info => Output directory: /tmp/chromatic--2197496-xFaNw7wgFoEL
