@storybook/cli v8.1.1

info => Cleaning outputDir: ../../../../../../../tmp/chromatic--2117949-Fv1sDr6Fd7PG
info => Loading presets
info => Building manager..
info => Manager built (136 ms)
info => Building preview..
info Using tsconfig paths for react-docgen
vite v4.5.3 building for production...
transforming...
✓ 623 modules transformed.
rendering chunks...
computing gzip size...
../../../../../../../tmp/chromatic--2117949-Fv1sDr6Fd7PG/iframe.html                                     15.93 kB │ gzip:   4.41 kB
../../../../../../../tmp/chromatic--2117949-Fv1sDr6Fd7PG/assets/preview-083f5379.css                     56.66 kB │ gzip:   9.28 kB
../../../../../../../tmp/chromatic--2117949-Fv1sDr6Fd7PG/assets/preview-73c648b3.js                       0.07 kB │ gzip:   0.08 kB
../../../../../../../tmp/chromatic--2117949-Fv1sDr6Fd7PG/assets/preview-57f7ef19.js                       0.15 kB │ gzip:   0.15 kB
../../../../../../../tmp/chromatic--2117949-Fv1sDr6Fd7PG/assets/WithTooltip-KJL26V4Q-0e3ee223.js          0.41 kB │ gzip:   0.26 kB
../../../../../../../tmp/chromatic--2117949-Fv1sDr6Fd7PG/assets/syntaxhighlighter-BP7B2CQK-968a0a5f.js    0.46 kB │ gzip:   0.29 kB
../../../../../../../tmp/chromatic--2117949-Fv1sDr6Fd7PG/assets/index-f866ae6e.js                         0.46 kB │ gzip:   0.30 kB
../../../../../../../tmp/chromatic--2117949-Fv1sDr6Fd7PG/assets/preview-ee71643a.js                       0.64 kB │ gzip:   0.45 kB
../../../../../../../tmp/chromatic--2117949-Fv1sDr6Fd7PG/assets/_commonjsHelpers-de833af9.js              0.69 kB │ gzip:   0.38 kB
../../../../../../../tmp/chromatic--2117949-Fv1sDr6Fd7PG/assets/preview-dfa23190.js                       0.71 kB │ gzip:   0.50 kB
../../../../../../../tmp/chromatic--2117949-Fv1sDr6Fd7PG/assets/index-356e4a49.js                         0.77 kB │ gzip:   0.47 kB
../../../../../../../tmp/chromatic--2117949-Fv1sDr6Fd7PG/assets/preview-88d3f8c9.js                       0.77 kB │ gzip:   0.51 kB
../../../../../../../tmp/chromatic--2117949-Fv1sDr6Fd7PG/assets/preview-b45e2b7c.js                       0.91 kB │ gzip:   0.62 kB
../../../../../../../tmp/chromatic--2117949-Fv1sDr6Fd7PG/assets/entry-preview-a8f343e9.js                 1.37 kB │ gzip:   0.79 kB
../../../../../../../tmp/chromatic--2117949-Fv1sDr6Fd7PG/assets/index-cd210e34.js                         1.41 kB │ gzip:   0.72 kB
../../../../../../../tmp/chromatic--2117949-Fv1sDr6Fd7PG/assets/index-8c3ac41d.js                         2.59 kB │ gzip:   1.26 kB
../../../../../../../tmp/chromatic--2117949-Fv1sDr6Fd7PG/assets/preview-98b085a7.js                       3.19 kB │ gzip:   1.37 kB
../../../../../../../tmp/chromatic--2117949-Fv1sDr6Fd7PG/assets/preview-a8a795cf.js                       3.55 kB │ gzip:   1.72 kB
../../../../../../../tmp/chromatic--2117949-Fv1sDr6Fd7PG/assets/iframe-a2ceeaa0.js                        3.68 kB │ gzip:   1.49 kB
../../../../../../../tmp/chromatic--2117949-Fv1sDr6Fd7PG/assets/index-2b9512e4.js                         7.18 kB │ gzip:   2.92 kB
../../../../../../../tmp/chromatic--2117949-Fv1sDr6Fd7PG/assets/preview-da31036b.js                       7.62 kB │ gzip:   1.55 kB
../../../../../../../tmp/chromatic--2117949-Fv1sDr6Fd7PG/assets/preview-c56bf6ac.js                       8.28 kB │ gzip:   3.17 kB
../../../../../../../tmp/chromatic--2117949-Fv1sDr6Fd7PG/assets/button.stories-bc25cfd6.js               26.77 kB │ gzip:   9.17 kB
../../../../../../../tmp/chromatic--2117949-Fv1sDr6Fd7PG/assets/Color-PRSJMWNM-5b13cd56.js               31.19 kB │ gzip:  11.84 kB
../../../../../../../tmp/chromatic--2117949-Fv1sDr6Fd7PG/assets/preview-37db51a3.js                      61.12 kB │ gzip:  21.32 kB
../../../../../../../tmp/chromatic--2117949-Fv1sDr6Fd7PG/assets/_getPrototype-0dd2ffd8.js                78.93 kB │ gzip:  23.68 kB
../../../../../../../tmp/chromatic--2117949-Fv1sDr6Fd7PG/assets/react-18-7c10845a.js                    134.51 kB │ gzip:  43.39 kB
../../../../../../../tmp/chromatic--2117949-Fv1sDr6Fd7PG/assets/formatter-2WMMO6ZP-79564a32.js          210.83 kB │ gzip:  70.70 kB
../../../../../../../tmp/chromatic--2117949-Fv1sDr6Fd7PG/assets/entry-preview-docs-168f7a8c.js          213.53 kB │ gzip:  66.96 kB
../../../../../../../tmp/chromatic--2117949-Fv1sDr6Fd7PG/assets/axe-0ab6c4fc.js                         570.36 kB │ gzip: 157.48 kB
../../../../../../../tmp/chromatic--2117949-Fv1sDr6Fd7PG/assets/DocsRenderer-K4EAMTCU-b3cb74b8.js       615.38 kB │ gzip: 187.14 kB
✓ built in 4.98s
info => Preview built (5.31 s)
info => Output directory: /tmp/chromatic--2117949-Fv1sDr6Fd7PG
